{"C:\\Users\\dndoja\\software\\armory\\forge\\blueprints\\BlockBlueprint.ts": {"path":"C:\\Users\\dndoja\\software\\armory\\forge\\blueprints\\BlockBlueprint.ts","statementMap":{"0":{"start":{"line":4,"column":0},"end":{"line":4,"column":32}},"1":{"start":{"line":5,"column":0},"end":{"line":5,"column":60}},"2":{"start":{"line":8,"column":0},"end":{"line":8,"column":54}},"3":{"start":{"line":46,"column":4},"end":{"line":46,"column":88}},"4":{"start":{"line":46,"column":54},"end":{"line":46,"column":87}},"5":{"start":{"line":20,"column":8},"end":{"line":20,"column":37}},"6":{"start":{"line":21,"column":8},"end":{"line":21,"column":55}},"7":{"start":{"line":22,"column":8},"end":{"line":22,"column":73}},"8":{"start":{"line":23,"column":8},"end":{"line":23,"column":57}},"9":{"start":{"line":24,"column":8},"end":{"line":24,"column":31}},"10":{"start":{"line":25,"column":8},"end":{"line":25,"column":47}},"11":{"start":{"line":29,"column":27},"end":{"line":29,"column":33}},"12":{"start":{"line":30,"column":8},"end":{"line":30,"column":50}},"13":{"start":{"line":31,"column":8},"end":{"line":31,"column":87}},"14":{"start":{"line":32,"column":8},"end":{"line":32,"column":67}},"15":{"start":{"line":33,"column":8},"end":{"line":33,"column":68}},"16":{"start":{"line":37,"column":27},"end":{"line":37,"column":71}},"17":{"start":{"line":38,"column":28},"end":{"line":38,"column":73}},"18":{"start":{"line":39,"column":8},"end":{"line":43,"column":null}},"19":{"start":{"line":40,"column":12},"end":{"line":42,"column":null}},"20":{"start":{"line":41,"column":16},"end":{"line":41,"column":null}},"21":{"start":{"line":49,"column":8},"end":{"line":49,"column":null}},"22":{"start":{"line":11,"column":0},"end":{"line":11,"column":21}}},"fnMap":{"0":{"name":"(anonymous_0)","decl":{"start":{"line":19,"column":4},"end":{"line":19,"column":16}},"loc":{"start":{"line":19,"column":63},"end":{"line":26,"column":5}}},"1":{"name":"(anonymous_1)","decl":{"start":{"line":46,"column":25},"end":{"line":46,"column":26}},"loc":{"start":{"line":46,"column":54},"end":{"line":46,"column":87}}},"2":{"name":"(anonymous_2)","decl":{"start":{"line":28,"column":4},"end":{"line":28,"column":21}},"loc":{"start":{"line":28,"column":89},"end":{"line":34,"column":5}}},"3":{"name":"(anonymous_3)","decl":{"start":{"line":36,"column":4},"end":{"line":36,"column":33}},"loc":{"start":{"line":36,"column":77},"end":{"line":44,"column":5}}},"4":{"name":"(anonymous_4)","decl":{"start":{"line":39,"column":41},"end":{"line":39,"column":44}},"loc":{"start":{"line":39,"column":47},"end":{"line":43,"column":9}}},"5":{"name":"(anonymous_5)","decl":{"start":{"line":48,"column":4},"end":{"line":48,"column":28}},"loc":{"start":{"line":48,"column":61},"end":{"line":50,"column":5}}}},"branchMap":{"0":{"loc":{"start":{"line":40,"column":12},"end":{"line":42,"column":null}},"type":"if","locations":[{"start":{"line":40,"column":12},"end":{"line":42,"column":null}},{"start":{"line":40,"column":12},"end":{"line":42,"column":null}}]}},"s":{"0":1,"1":1,"2":1,"3":1,"4":1,"5":1,"6":1,"7":1,"8":1,"9":1,"10":1,"11":1,"12":1,"13":1,"14":1,"15":1,"16":2,"17":2,"18":2,"19":4,"20":2,"21":1,"22":1},"f":{"0":1,"1":1,"2":1,"3":2,"4":4,"5":1},"b":{"0":[2,2]}}
,"C:\\Users\\dndoja\\software\\armory\\forge\\blueprints\\ExerciseBlueprint.ts": {"path":"C:\\Users\\dndoja\\software\\armory\\forge\\blueprints\\ExerciseBlueprint.ts","statementMap":{"0":{"start":{"line":1,"column":0},"end":{"line":1,"column":34}},"1":{"start":{"line":12,"column":8},"end":{"line":12,"column":21}},"2":{"start":{"line":13,"column":8},"end":{"line":13,"column":25}},"3":{"start":{"line":14,"column":8},"end":{"line":14,"column":51}},"4":{"start":{"line":15,"column":8},"end":{"line":15,"column":39}},"5":{"start":{"line":5,"column":0},"end":{"line":5,"column":21}}},"fnMap":{"0":{"name":"(anonymous_0)","decl":{"start":{"line":11,"column":4},"end":{"line":11,"column":16}},"loc":{"start":{"line":11,"column":105},"end":{"line":16,"column":5}}}},"branchMap":{"0":{"loc":{"start":{"line":11,"column":82},"end":{"line":11,"column":84}},"type":"default-arg","locations":[{"start":{"line":11,"column":82},"end":{"line":11,"column":84}}]},"1":{"loc":{"start":{"line":11,"column":99},"end":{"line":11,"column":105}},"type":"default-arg","locations":[{"start":{"line":11,"column":99},"end":{"line":11,"column":105}}]}},"s":{"0":2,"1":2,"2":2,"3":2,"4":2,"5":2},"f":{"0":2},"b":{"0":[1],"1":[1]}}
,"C:\\Users\\dndoja\\software\\armory\\forge\\common\\BodyPart.ts": {"path":"C:\\Users\\dndoja\\software\\armory\\forge\\common\\BodyPart.ts","statementMap":{"0":{"start":{"line":1,"column":0},"end":{"line":1,"column":null}},"1":{"start":{"line":2,"column":4},"end":{"line":2,"column":9}},"2":{"start":{"line":2,"column":9},"end":{"line":2,"column":15}},"3":{"start":{"line":2,"column":15},"end":{"line":2,"column":22}},"4":{"start":{"line":2,"column":22},"end":{"line":2,"column":30}},"5":{"start":{"line":2,"column":30},"end":{"line":2,"column":36}},"6":{"start":{"line":2,"column":36},"end":{"line":2,"column":47}},"7":{"start":{"line":2,"column":47},"end":{"line":2,"column":56}},"8":{"start":{"line":2,"column":56},"end":{"line":2,"column":null}},"9":{"start":{"line":5,"column":0},"end":{"line":5,"column":24}}},"fnMap":{"0":{"name":"(anonymous_0)","decl":{"start":{"line":1,"column":0},"end":{"line":1,"column":5}},"loc":{"start":{"line":1,"column":13},"end":{"line":3,"column":1}}}},"branchMap":{"0":{"loc":{"start":{"line":1,"column":5},"end":{"line":1,"column":13}},"type":"binary-expr","locations":[{"start":{"line":1,"column":5},"end":{"line":1,"column":13}},{"start":{"line":1,"column":5},"end":{"line":1,"column":null}}]}},"s":{"0":1,"1":1,"2":1,"3":1,"4":1,"5":1,"6":1,"7":1,"8":1,"9":1},"f":{"0":1},"b":{"0":[1,1]}}
,"C:\\Users\\dndoja\\software\\armory\\forge\\common\\Matrix.ts": {"path":"C:\\Users\\dndoja\\software\\armory\\forge\\common\\Matrix.ts","statementMap":{"0":{"start":{"line":2,"column":4},"end":{"line":4,"column":null}},"1":{"start":{"line":3,"column":8},"end":{"line":3,"column":null}},"2":{"start":{"line":6,"column":19},"end":{"line":6,"column":38}},"3":{"start":{"line":7,"column":4},"end":{"line":9,"column":null}},"4":{"start":{"line":7,"column":17},"end":{"line":7,"column":18}},"5":{"start":{"line":8,"column":8},"end":{"line":8,"column":null}},"6":{"start":{"line":10,"column":4},"end":{"line":10,"column":null}},"7":{"start":{"line":1,"column":0},"end":{"line":1,"column":16}},"8":{"start":{"line":14,"column":4},"end":{"line":14,"column":32}},"9":{"start":{"line":13,"column":0},"end":{"line":13,"column":16}},"10":{"start":{"line":17,"column":0},"end":{"line":17,"column":21}}},"fnMap":{"0":{"name":"createMatrix","decl":{"start":{"line":1,"column":16},"end":{"line":1,"column":28}},"loc":{"start":{"line":1,"column":45},"end":{"line":11,"column":1}}},"1":{"name":"flatten","decl":{"start":{"line":13,"column":16},"end":{"line":13,"column":23}},"loc":{"start":{"line":13,"column":44},"end":{"line":15,"column":1}}}},"branchMap":{"0":{"loc":{"start":{"line":2,"column":4},"end":{"line":4,"column":null}},"type":"if","locations":[{"start":{"line":2,"column":4},"end":{"line":4,"column":null}},{"start":{"line":2,"column":4},"end":{"line":4,"column":null}}]}},"s":{"0":6,"1":2,"2":4,"3":4,"4":4,"5":12,"6":4,"7":3,"8":5,"9":3,"10":3},"f":{"0":6,"1":5},"b":{"0":[2,4]}}
,"C:\\Users\\dndoja\\software\\armory\\forge\\progressions\\FixedProgression.ts": {"path":"C:\\Users\\dndoja\\software\\armory\\forge\\progressions\\FixedProgression.ts","statementMap":{"0":{"start":{"line":4,"column":0},"end":{"line":4,"column":49}},"1":{"start":{"line":13,"column":4},"end":{"line":13,"column":75}},"2":{"start":{"line":13,"column":53},"end":{"line":13,"column":74}},"3":{"start":{"line":15,"column":4},"end":{"line":15,"column":63}},"4":{"start":{"line":15,"column":38},"end":{"line":15,"column":62}},"5":{"start":{"line":10,"column":8},"end":{"line":10,"column":37}},"6":{"start":{"line":6,"column":0},"end":{"line":6,"column":13}}},"fnMap":{"0":{"name":"(anonymous_0)","decl":{"start":{"line":9,"column":4},"end":{"line":9,"column":16}},"loc":{"start":{"line":9,"column":47},"end":{"line":11,"column":5}}},"1":{"name":"(anonymous_1)","decl":{"start":{"line":13,"column":20},"end":{"line":13,"column":21}},"loc":{"start":{"line":13,"column":53},"end":{"line":13,"column":74}}},"2":{"name":"(anonymous_2)","decl":{"start":{"line":15,"column":17},"end":{"line":15,"column":35}},"loc":{"start":{"line":15,"column":38},"end":{"line":15,"column":62}}}},"branchMap":{},"s":{"0":2,"1":3,"2":3,"3":3,"4":3,"5":3,"6":2},"f":{"0":3,"1":3,"2":3},"b":{}}
,"C:\\Users\\dndoja\\software\\armory\\forge\\workout_sets\\TMaxVaryingSet.ts": {"path":"C:\\Users\\dndoja\\software\\armory\\forge\\workout_sets\\TMaxVaryingSet.ts","statementMap":{"0":{"start":{"line":9,"column":8},"end":{"line":9,"column":25}},"1":{"start":{"line":10,"column":8},"end":{"line":10,"column":39}},"2":{"start":{"line":11,"column":8},"end":{"line":11,"column":37}},"3":{"start":{"line":15,"column":8},"end":{"line":15,"column":50}},"4":{"start":{"line":19,"column":8},"end":{"line":19,"column":null}},"5":{"start":{"line":3,"column":0},"end":{"line":3,"column":21}}},"fnMap":{"0":{"name":"(anonymous_0)","decl":{"start":{"line":8,"column":4},"end":{"line":8,"column":16}},"loc":{"start":{"line":8,"column":73},"end":{"line":12,"column":5}}},"1":{"name":"(anonymous_1)","decl":{"start":{"line":14,"column":4},"end":{"line":14,"column":8}},"loc":{"start":{"line":14,"column":14},"end":{"line":16,"column":5}}},"2":{"name":"(anonymous_2)","decl":{"start":{"line":18,"column":11},"end":{"line":18,"column":36}},"loc":{"start":{"line":18,"column":36},"end":{"line":20,"column":5}}}},"branchMap":{"0":{"loc":{"start":{"line":8,"column":72},"end":{"line":8,"column":73}},"type":"default-arg","locations":[{"start":{"line":8,"column":72},"end":{"line":8,"column":73}}]}},"s":{"0":4,"1":4,"2":4,"3":3,"4":1,"5":2},"f":{"0":4,"1":3,"2":1},"b":{"0":[2]}}
}
