TN:
SF:blueprints\BlockBlueprint.ts
FN:19,(anonymous_0)
FN:46,(anonymous_1)
FN:28,(anonymous_2)
FN:36,(anonymous_3)
FN:39,(anonymous_4)
FN:48,(anonymous_5)
FNF:6
FNH:6
FNDA:1,(anonymous_0)
FNDA:1,(anonymous_1)
FNDA:1,(anonymous_2)
FNDA:2,(anonymous_3)
FNDA:4,(anonymous_4)
FNDA:1,(anonymous_5)
DA:4,1
DA:5,1
DA:8,1
DA:11,1
DA:20,1
DA:21,1
DA:22,1
DA:23,1
DA:24,1
DA:25,1
DA:29,1
DA:30,1
DA:31,1
DA:32,1
DA:33,1
DA:37,2
DA:38,2
DA:39,2
DA:40,4
DA:41,2
DA:46,1
DA:49,1
LF:22
LH:22
BRDA:40,0,0,2
BRDA:40,0,1,2
BRF:2
BRH:2
end_of_record
TN:
SF:blueprints\ExerciseBlueprint.ts
FN:11,(anonymous_0)
FNF:1
FNH:1
FNDA:2,(anonymous_0)
DA:1,2
DA:5,2
DA:12,2
DA:13,2
DA:14,2
DA:15,2
LF:6
LH:6
BRDA:11,0,0,1
BRDA:11,1,0,1
BRF:2
BRH:2
end_of_record
TN:
SF:common\BodyPart.ts
FN:1,(anonymous_0)
FNF:1
FNH:1
FNDA:1,(anonymous_0)
DA:1,1
DA:2,1
DA:5,1
LF:3
LH:3
BRDA:1,0,0,1
BRDA:1,0,1,1
BRF:2
BRH:2
end_of_record
TN:
SF:common\Matrix.ts
FN:1,createMatrix
FN:13,flatten
FNF:2
FNH:2
FNDA:6,createMatrix
FNDA:5,flatten
DA:1,3
DA:2,6
DA:3,2
DA:6,4
DA:7,4
DA:8,12
DA:10,4
DA:13,3
DA:14,5
DA:17,3
LF:10
LH:10
BRDA:2,0,0,2
BRDA:2,0,1,4
BRF:2
BRH:2
end_of_record
TN:
SF:progressions\FixedProgression.ts
FN:9,(anonymous_0)
FN:13,(anonymous_1)
FN:15,(anonymous_2)
FNF:3
FNH:3
FNDA:3,(anonymous_0)
FNDA:3,(anonymous_1)
FNDA:3,(anonymous_2)
DA:4,2
DA:6,2
DA:10,3
DA:13,3
DA:15,3
LF:5
LH:5
BRF:0
BRH:0
end_of_record
TN:
SF:workout_sets\TMaxVaryingSet.ts
FN:8,(anonymous_0)
FN:14,(anonymous_1)
FN:18,(anonymous_2)
FNF:3
FNH:3
FNDA:4,(anonymous_0)
FNDA:3,(anonymous_1)
FNDA:1,(anonymous_2)
DA:3,2
DA:9,4
DA:10,4
DA:11,4
DA:15,3
DA:19,1
LF:6
LH:6
BRDA:8,0,0,2
BRF:1
BRH:1
end_of_record
